c:\users\violet\desktop\classes\gameprogamming5-c++2\sdlframework\sdlframework\sdlframework\debug\vc141.pdb
c:\users\violet\desktop\classes\gameprogamming5-c++2\sdlframework\sdlframework\sdlframework\debug\vc141.idb
c:\users\violet\desktop\classes\gameprogamming5-c++2\sdlframework\sdlframework\sdlframework\debug\window.obj
c:\users\violet\desktop\classes\gameprogamming5-c++2\sdlframework\sdlframework\sdlframework\debug\timer.obj
c:\users\violet\desktop\classes\gameprogamming5-c++2\sdlframework\sdlframework\sdlframework\debug\task2.obj
c:\users\violet\desktop\classes\gameprogamming5-c++2\sdlframework\sdlframework\sdlframework\debug\scenehandler.obj
c:\users\violet\desktop\classes\gameprogamming5-c++2\sdlframework\sdlframework\sdlframework\debug\main.obj
c:\users\violet\desktop\classes\gameprogamming5-c++2\sdlframework\sdlframework\sdlframework\debug\gamemanager.obj
c:\users\violet\desktop\classes\gameprogamming5-c++2\sdlframework\sdlframework\sdlframework\debug\source.obj
c:\users\violet\desktop\classes\gameprogamming5-c++2\sdlframework\sdlframework\sdlframework\debug\main0.obj
c:\users\violet\documents\github\tamagochi-v2\sdlframework\sdlframework\debug\vc141.pdb
c:\users\violet\documents\github\tamagochi-v2\sdlframework\sdlframework\debug\vc141.idb
c:\users\violet\documents\github\tamagochi-v2\sdlframework\sdlframework\debug\window.obj
c:\users\violet\documents\github\tamagochi-v2\sdlframework\sdlframework\debug\timer.obj
c:\users\violet\documents\github\tamagochi-v2\sdlframework\sdlframework\debug\task2.obj
c:\users\violet\documents\github\tamagochi-v2\sdlframework\sdlframework\debug\scenehandler.obj
c:\users\violet\documents\github\tamagochi-v2\sdlframework\sdlframework\debug\main0.obj
c:\users\violet\documents\github\tamagochi-v2\sdlframework\sdlframework\debug\gamemanager.obj
c:\users\violet\desktop\classes\gameprogamming5-c++2\sdlframework\sdlframework\debug\sdlframework.exe
c:\users\violet\desktop\classes\gameprogamming5-c++2\sdlframework\sdlframework\debug\sdlframework.ilk
c:\users\violet\desktop\classes\gameprogamming5-c++2\sdlframework\sdlframework\debug\sdlframework.pdb
c:\users\violet\documents\github\tamagochi-v2\sdlframework\debug\sdlframework.exe
c:\users\violet\documents\github\tamagochi-v2\sdlframework\debug\sdlframework.ilk
c:\users\violet\documents\github\tamagochi-v2\sdlframework\debug\sdlframework.pdb
c:\users\violet\documents\github\tamagochi-v2\sdlframework\sdlframework\debug\main.obj
c:\users\violet\documents\github\tamagochi-v2\sdlframework\sdlframework\debug\source.obj
c:\users\violet\documents\github\tamagochi-v2\sdlframework\sdlframework\debug\sdlframework.tlog\cl.command.1.tlog
c:\users\violet\documents\github\tamagochi-v2\sdlframework\sdlframework\debug\sdlframework.tlog\cl.read.1.tlog
c:\users\violet\documents\github\tamagochi-v2\sdlframework\sdlframework\debug\sdlframework.tlog\cl.write.1.tlog
c:\users\violet\documents\github\tamagochi-v2\sdlframework\sdlframework\debug\sdlframework.tlog\link.command.1.tlog
c:\users\violet\documents\github\tamagochi-v2\sdlframework\sdlframework\debug\sdlframework.tlog\link.read.1.tlog
c:\users\violet\documents\github\tamagochi-v2\sdlframework\sdlframework\debug\sdlframework.tlog\link.write.1.tlog
